calculate cpt df cohen kappa
df len: 585
annotated twice len: 577
cohens score: 0.633273256368234
agreement percentage: 0.75736568457539
************************************************************
calculate sent sentiment df cohen kappa
df len: 9396
annotated twice len: 9305
cohens score: 0.31280326626280175
agreement percentage: 0.7514239656098871
************************************************************
calculate sent aspect df cohen kappa
df len: 9396
annotated twice len: 9305
cohens score: 0.272305279889715
agreement percentage: 0.7633530360021494
************************************************************
calculate fleiss kappa
total length: 585
total annotators 2 cpt len: 577
fless kappa cpt: 0.6329725001987802
********************
calculate fleiss kappa
all df len: 9396
no no-aspect at least 2 annotators: 6313
no no-sentiment at least 2 annotators: 5973
fless kappa sentiment: 0.38218196832651186
fless kappa aspect 0.16643640047895344
********************
****************************************
Human performance, how often one annotator agrees with the gold label? (change point candidates)
cpt total length 585
at least annotated twice: 577
in total annotators: 9
avg agreed: 135.88888888888889
avg annotated: 145.0
{'Andrei': {'all': 148, 'agreed': 142, 'percentag': 0.9594594594594594}, 'Liviu': {'all': 138, 'agreed': 128, 'percentag': 0.927536231884058}, 'Alina': {'all': 110, 'agreed': 98, 'percentag': 0.8909090909090909}, 'Oana': {'all': 185, 'agreed': 173, 'percentag': 0.9351351351351351}, 'Edita': {'all': 177, 'agreed': 174, 'percentag': 0.9830508474576272}, 'Silviu': {'all': 113, 'agreed': 106, 'percentag': 0.9380530973451328}, 'Mada': {'all': 131, 'agreed': 123, 'percentag': 0.9389312977099237}, 'Meli': {'all': 152, 'agreed': 133, 'percentag': 0.875}, 'yiyi': {'all': 151, 'agreed': 146, 'percentag': 0.9668874172185431}}
0.9349958419021078
****************************************
Human performance, how often one annotator agrees with the gold label? (sentence annotator)
sentences total length 9396
at least annotated twice: 9305
in total annotators: 8
avg agreed: 2051.0
avg annotated: 2326.25
{'Andrei': {'all': 2477, 'agreed': 2004, 'percentag': 0.8090431974162293}, 'Liviu': {'all': 2285, 'agreed': 2248, 'percentag': 0.9838074398249453}, 'Alina': {'all': 1822, 'agreed': 1678, 'percentag': 0.9209659714599341}, 'Oana': {'all': 2855, 'agreed': 2532, 'percentag': 0.8868651488616462}, 'Edita': {'all': 3013, 'agreed': 2492, 'percentag': 0.8270826418851643}, 'Silviu': {'all': 1741, 'agreed': 1360, 'percentag': 0.781160252728317}, 'Mada': {'all': 2019, 'agreed': 1874, 'percentag': 0.9281822684497276}, 'Meli': {'all': 2398, 'agreed': 2220, 'percentag': 0.9257714762301918}}
0.8828597996070195
****************************************
Human performance, how often one annotator agrees with the gold label? (sentence annotator)
sentences total length 9396
at least annotated twice: 9305
in total annotators: 8
avg agreed: 2037.125
avg annotated: 2326.25
{'Andrei': {'all': 2477, 'agreed': 1995, 'percentag': 0.8054097698829229}, 'Liviu': {'all': 2285, 'agreed': 2073, 'percentag': 0.9072210065645514}, 'Alina': {'all': 1822, 'agreed': 1509, 'percentag': 0.8282107574094402}, 'Oana': {'all': 2855, 'agreed': 2663, 'percentag': 0.9327495621716287}, 'Edita': {'all': 3013, 'agreed': 2787, 'percentag': 0.9249917026219715}, 'Silviu': {'all': 1741, 'agreed': 1387, 'percentag': 0.7966685812751292}, 'Mada': {'all': 2019, 'agreed': 1843, 'percentag': 0.9128281327389797}, 'Meli': {'all': 2398, 'agreed': 2040, 'percentag': 0.8507089241034195}}
0.8698485545960054
********************
all df len: 9396
5973 6043 9396
agree sentiment: 0.6356960408684547 0.9884163494952838
6313 6391 9396
agree sentiment: 0.6718816517667092 0.9877953371929276
